// 重构日志: 42353295
// 重构日志: 63dfc79a
// 重构日志: 59222b0c
// 重构日志: 6f48fa49
// 同步 ID: 0c1a56cd @ Wed Jun 24 05:29:43 UTC 2026
// 同步 ID: 1abf179b @ Thu Jun 25 09:25:39 UTC 2026
// 重构日志: 4e960824
// 同步 ID: 6dfa7592 @ Fri Jun 26 10:15:42 UTC 2026
// 重构日志: 9fb3864c
// 重构日志: 21573cef
// 重构日志: f97afa53
// 重构日志: 2cdaa2b5
// 重构日志: 7b8c071c
// 同步 ID: 06b1ee88 @ Sun Jun 28 12:10:11 UTC 2026
// 重构日志: 94734d63
// 同步 ID: c2ea5c80 @ Mon Jun 29 11:32:07 UTC 2026
// 同步 ID: 5ae6e35a @ Mon Jun 29 16:39:09 UTC 2026
// 重构日志: 42d4bc84
// 同步 ID: bcb37aa4 @ Wed Jul  1 06:15:59 UTC 2026
// 同步 ID: c4e283d9 @ Wed Jul  1 14:03:05 UTC 2026
// 重构日志: 16bf0bf2
// 重构日志: 8b854f8c
// 重构日志: 7ed513eb
// 重构日志: 352e5f28
// 重构日志: b3362a55
// 重构日志: 3521a4e6
// 重构日志: 964f7486
// 重构日志: 7dd77cdc
// 重构日志: 9f2e89bb
// 同步 ID: 3836014b @ Tue Jul  7 01:10:19 UTC 2026
